[0.026s] Invoking command in '/home/sdn/ntp/Robotics-Odometry_Control/01_ros2/bumperbot_ws/build/bumperbot_cpp_examples': CMAKE_PREFIX_PATH=/opt/ros/galactic /usr/bin/cmake --build /home/sdn/ntp/Robotics-Odometry_Control/01_ros2/bumperbot_ws/build/bumperbot_cpp_examples -- -j8 -l8
[0.086s] [35m[1mScanning dependencies of target simple_subscriber[0m
[0.106s] [ 50%] Built target simple_publisher
[0.122s] [ 75%] [32mBuilding CXX object CMakeFiles/simple_subscriber.dir/src/simple_subscriber.cpp.o[0m
[2.561s] [01m[K/home/sdn/ntp/Robotics-Odometry_Control/01_ros2/bumperbot_ws/src/bumperbot_cpp_examples/src/simple_subscriber.cpp:25:1:[m[K [01;31m[Kerror: [m[Kexpected ‘[01m[K}[m[K’ at end of input
[2.562s]    25 | [01;31m[K}[m[K
[2.562s]       | [01;31m[K^[m[K
[2.562s] [01m[K/home/sdn/ntp/Robotics-Odometry_Control/01_ros2/bumperbot_ws/src/bumperbot_cpp_examples/src/simple_subscriber.cpp:6:46:[m[K [01;36m[Knote: [m[Kto match this ‘[01m[K{[m[K’
[2.562s]     6 | class SimpleSubscriber : public rclcpp::Node [01;36m[K{[m[K
[2.562s]       |                                              [01;36m[K^[m[K
[2.565s] [01m[K/home/sdn/ntp/Robotics-Odometry_Control/01_ros2/bumperbot_ws/src/bumperbot_cpp_examples/src/simple_subscriber.cpp:[m[K In constructor ‘[01m[KSimpleSubscriber::SimpleSubscriber()[m[K’:
[2.565s] [01m[K/home/sdn/ntp/Robotics-Odometry_Control/01_ros2/bumperbot_ws/src/bumperbot_cpp_examples/src/simple_subscriber.cpp:9:9:[m[K [01;31m[Kerror: [m[K‘[01m[Ksub_[m[K’ was not declared in this scope
[2.565s]     9 |         [01;31m[Ksub_[m[K = create_subscription<std::msg::String>("chatter", 10, std::bind(&SimpleSubscriber::msgCallback(), this, _1)); //ROS2 uses an executor with create_subscription() to notify the message to the callback function.
[2.565s]       |         [01;31m[K^~~~[m[K
[2.566s] [01m[K/home/sdn/ntp/Robotics-Odometry_Control/01_ros2/bumperbot_ws/src/bumperbot_cpp_examples/src/simple_subscriber.cpp:9:41:[m[K [01;31m[Kerror: [m[K‘[01m[Kmsg[m[K’ is not a member of ‘[01m[Kstd[m[K’
[2.566s]     9 |         sub_ = create_subscription<std::[01;31m[Kmsg[m[K::String>("chatter", 10, std::bind(&SimpleSubscriber::msgCallback(), this, _1)); //ROS2 uses an executor with create_subscription() to notify the message to the callback function.
[2.566s]       |                                         [01;31m[K^~~[m[K
[2.566s] [01m[K/home/sdn/ntp/Robotics-Odometry_Control/01_ros2/bumperbot_ws/src/bumperbot_cpp_examples/src/simple_subscriber.cpp:9:41:[m[K [01;36m[Knote: [m[Ksuggested alternatives:
[2.566s] In file included from [01m[K/opt/ros/galactic/include/builtin_interfaces/msg/duration.hpp:7[m[K,
[2.566s]                  from [01m[K/opt/ros/galactic/include/rclcpp/duration.hpp:20[m[K,
[2.567s]                  from [01m[K/opt/ros/galactic/include/rclcpp/qos.hpp:20[m[K,
[2.567s]                  from [01m[K/opt/ros/galactic/include/rclcpp/node_interfaces/node_graph_interface.hpp:31[m[K,
[2.567s]                  from [01m[K/opt/ros/galactic/include/rclcpp/client.hpp:34[m[K,
[2.567s]                  from [01m[K/opt/ros/galactic/include/rclcpp/callback_group.hpp:23[m[K,
[2.567s]                  from [01m[K/opt/ros/galactic/include/rclcpp/any_executable.hpp:20[m[K,
[2.567s]                  from [01m[K/opt/ros/galactic/include/rclcpp/memory_strategy.hpp:25[m[K,
[2.567s]                  from [01m[K/opt/ros/galactic/include/rclcpp/memory_strategies.hpp:18[m[K,
[2.567s]                  from [01m[K/opt/ros/galactic/include/rclcpp/executor_options.hpp:20[m[K,
[2.567s]                  from [01m[K/opt/ros/galactic/include/rclcpp/executor.hpp:36[m[K,
[2.567s]                  from [01m[K/opt/ros/galactic/include/rclcpp/executors/multi_threaded_executor.hpp:26[m[K,
[2.567s]                  from [01m[K/opt/ros/galactic/include/rclcpp/executors.hpp:21[m[K,
[2.567s]                  from [01m[K/opt/ros/galactic/include/rclcpp/rclcpp.hpp:156[m[K,
[2.567s]                  from [01m[K/home/sdn/ntp/Robotics-Odometry_Control/01_ros2/bumperbot_ws/src/bumperbot_cpp_examples/src/simple_subscriber.cpp:1[m[K:
[2.568s] [01m[K/opt/ros/galactic/include/builtin_interfaces/msg/detail/duration__struct.hpp:26:11:[m[K [01;36m[Knote: [m[K  ‘[01m[Kbuiltin_interfaces::msg[m[K’
[2.568s]    26 | namespace [01;36m[Kmsg[m[K
[2.568s]       |           [01;36m[K^~~[m[K
[2.568s] In file included from [01m[K/opt/ros/galactic/include/rcl_interfaces/msg/set_parameters_result.hpp:7[m[K,
[2.568s]                  from [01m[K/opt/ros/galactic/include/rclcpp/qos_overriding_options.hpp:28[m[K,
[2.568s]                  from [01m[K/opt/ros/galactic/include/rclcpp/subscription_options.hpp:29[m[K,
[2.568s]                  from [01m[K/opt/ros/galactic/include/rclcpp/subscription.hpp:45[m[K,
[2.568s]                  from [01m[K/opt/ros/galactic/include/rclcpp/any_executable.hpp:25[m[K,
[2.568s]                  from [01m[K/opt/ros/galactic/include/rclcpp/memory_strategy.hpp:25[m[K,
[2.568s]                  from [01m[K/opt/ros/galactic/include/rclcpp/memory_strategies.hpp:18[m[K,
[2.568s]                  from [01m[K/opt/ros/galactic/include/rclcpp/executor_options.hpp:20[m[K,
[2.568s]                  from [01m[K/opt/ros/galactic/include/rclcpp/executor.hpp:36[m[K,
[2.568s]                  from [01m[K/opt/ros/galactic/include/rclcpp/executors/multi_threaded_executor.hpp:26[m[K,
[2.568s]                  from [01m[K/opt/ros/galactic/include/rclcpp/executors.hpp:21[m[K,
[2.569s]                  from [01m[K/opt/ros/galactic/include/rclcpp/rclcpp.hpp:156[m[K,
[2.569s]                  from [01m[K/home/sdn/ntp/Robotics-Odometry_Control/01_ros2/bumperbot_ws/src/bumperbot_cpp_examples/src/simple_subscriber.cpp:1[m[K:
[2.569s] [01m[K/opt/ros/galactic/include/rcl_interfaces/msg/detail/set_parameters_result__struct.hpp:26:11:[m[K [01;36m[Knote: [m[K  ‘[01m[Krcl_interfaces::msg[m[K’
[2.569s]    26 | namespace [01;36m[Kmsg[m[K
[2.569s]       |           [01;36m[K^~~[m[K
[2.569s] In file included from [01m[K/opt/ros/galactic/include/statistics_msgs/msg/detail/metrics_message__struct.hpp:22[m[K,
[2.569s]                  from [01m[K/opt/ros/galactic/include/statistics_msgs/msg/metrics_message.hpp:7[m[K,
[2.569s]                  from [01m[K/opt/ros/galactic/include/libstatistics_collector/collector/generate_statistics_message.hpp:21[m[K,
[2.569s]                  from [01m[K/opt/ros/galactic/include/rclcpp/topic_statistics/subscription_topic_statistics.hpp:23[m[K,
[2.569s]                  from [01m[K/opt/ros/galactic/include/rclcpp/subscription.hpp:50[m[K,
[2.569s]                  from [01m[K/opt/ros/galactic/include/rclcpp/any_executable.hpp:25[m[K,
[2.569s]                  from [01m[K/opt/ros/galactic/include/rclcpp/memory_strategy.hpp:25[m[K,
[2.569s]                  from [01m[K/opt/ros/galactic/include/rclcpp/memory_strategies.hpp:18[m[K,
[2.569s]                  from [01m[K/opt/ros/galactic/include/rclcpp/executor_options.hpp:20[m[K,
[2.569s]                  from [01m[K/opt/ros/galactic/include/rclcpp/executor.hpp:36[m[K,
[2.570s]                  from [01m[K/opt/ros/galactic/include/rclcpp/executors/multi_threaded_executor.hpp:26[m[K,
[2.570s]                  from [01m[K/opt/ros/galactic/include/rclcpp/executors.hpp:21[m[K,
[2.570s]                  from [01m[K/opt/ros/galactic/include/rclcpp/rclcpp.hpp:156[m[K,
[2.570s]                  from [01m[K/home/sdn/ntp/Robotics-Odometry_Control/01_ros2/bumperbot_ws/src/bumperbot_cpp_examples/src/simple_subscriber.cpp:1[m[K:
[2.570s] [01m[K/opt/ros/galactic/include/statistics_msgs/msg/detail/statistic_data_point__struct.hpp:26:11:[m[K [01;36m[Knote: [m[K  ‘[01m[Kstatistics_msgs::msg[m[K’
[2.570s]    26 | namespace [01;36m[Kmsg[m[K
[2.570s]       |           [01;36m[K^~~[m[K
[2.570s] In file included from [01m[K/opt/ros/galactic/include/std_msgs/msg/string.hpp:7[m[K,
[2.570s]                  from [01m[K/home/sdn/ntp/Robotics-Odometry_Control/01_ros2/bumperbot_ws/src/bumperbot_cpp_examples/src/simple_subscriber.cpp:2[m[K:
[2.570s] [01m[K/opt/ros/galactic/include/std_msgs/msg/detail/string__struct.hpp:26:11:[m[K [01;36m[Knote: [m[K  ‘[01m[Kstd_msgs::msg[m[K’
[2.570s]    26 | namespace [01;36m[Kmsg[m[K
[2.570s]       |           [01;36m[K^~~[m[K
[2.570s] [01m[K/home/sdn/ntp/Robotics-Odometry_Control/01_ros2/bumperbot_ws/src/bumperbot_cpp_examples/src/simple_subscriber.cpp:9:16:[m[K [01;31m[Kerror: [m[Kparse error in template argument list
[2.571s]     9 |         sub_ = [01;31m[Kcreate_subscription<std::msg::String>[m[K("chatter", 10, std::bind(&SimpleSubscriber::msgCallback(), this, _1)); //ROS2 uses an executor with create_subscription() to notify the message to the callback function.
[2.571s]       |                [01;31m[K^~~~~~~~~~~~~~~~~~~~~~~~~~~~~~~~~~~~~[m[K
[2.571s] [01m[K/home/sdn/ntp/Robotics-Odometry_Control/01_ros2/bumperbot_ws/src/bumperbot_cpp_examples/src/simple_subscriber.cpp:9:98:[m[K [01;31m[Kerror: [m[K‘[01m[KmsgCallback[m[K’ is not a member of ‘[01m[KSimpleSubscriber[m[K’
[2.571s]     9 |         sub_ = create_subscription<std::msg::String>("chatter", 10, std::bind(&SimpleSubscriber::[01;31m[KmsgCallback[m[K(), this, _1)); //ROS2 uses an executor with create_subscription() to notify the message to the callback function.
[2.571s]       |                                                                                                  [01;31m[K^~~~~~~~~~~[m[K
[2.571s] [01m[K/home/sdn/ntp/Robotics-Odometry_Control/01_ros2/bumperbot_ws/src/bumperbot_cpp_examples/src/simple_subscriber.cpp:11:5:[m[K [01;31m[Kerror: [m[Kexpected primary-expression before ‘[01m[Kprivate[m[K’
[2.571s]    11 |     [01;31m[Kprivate[m[K:
[2.571s]       |     [01;31m[K^~~~~~~[m[K
[2.571s] [01m[K/home/sdn/ntp/Robotics-Odometry_Control/01_ros2/bumperbot_ws/src/bumperbot_cpp_examples/src/simple_subscriber.cpp:13:66:[m[K [01;31m[Kerror: [m[Ka function-definition is not allowed here before ‘[01m[K{[m[K’ token
[2.571s]    13 |         void msgCallback(const std_msgs::msg::String &msg) const [01;31m[K{[m[K // parameter const = function will not modify the contents of msg. // msgCallback is a constant member function. This means that the function does not modify any member variables of the class
[2.571s]       |                                                                  [01;31m[K^[m[K
[2.572s] [01m[K/home/sdn/ntp/Robotics-Odometry_Control/01_ros2/bumperbot_ws/src/bumperbot_cpp_examples/src/simple_subscriber.cpp:[m[K At global scope:
[2.572s] [01m[K/home/sdn/ntp/Robotics-Odometry_Control/01_ros2/bumperbot_ws/src/bumperbot_cpp_examples/src/simple_subscriber.cpp:25:1:[m[K [01;31m[Kerror: [m[Kexpected unqualified-id at end of input
[2.572s]    25 | [01;31m[K}[m[K
[2.572s]       | [01;31m[K^[m[K
[3.463s] make[2]: *** [CMakeFiles/simple_subscriber.dir/build.make:63: CMakeFiles/simple_subscriber.dir/src/simple_subscriber.cpp.o] Error 1
[3.464s] make[1]: *** [CMakeFiles/Makefile2:80: CMakeFiles/simple_subscriber.dir/all] Error 2
[3.464s] make: *** [Makefile:141: all] Error 2
[3.467s] Invoked command in '/home/sdn/ntp/Robotics-Odometry_Control/01_ros2/bumperbot_ws/build/bumperbot_cpp_examples' returned '2': CMAKE_PREFIX_PATH=/opt/ros/galactic /usr/bin/cmake --build /home/sdn/ntp/Robotics-Odometry_Control/01_ros2/bumperbot_ws/build/bumperbot_cpp_examples -- -j8 -l8
