[0.020s] Invoking command in '/home/sdn/ntp/Robotics-Odometry_Control/01_ros2/bumperbot_ws/build/bumperbot_cpp_examples': CMAKE_PREFIX_PATH=/opt/ros/galactic /usr/bin/cmake --build /home/sdn/ntp/Robotics-Odometry_Control/01_ros2/bumperbot_ws/build/bumperbot_cpp_examples -- -j8 -l8
[0.048s] -- Found ament_cmake: 1.1.6 (/opt/ros/galactic/share/ament_cmake/cmake)
[0.070s] -- Using PYTHON_EXECUTABLE: /usr/bin/python3
[0.137s] -- Found rclcpp: 9.2.2 (/opt/ros/galactic/share/rclcpp/cmake)
[0.175s] -- Using all available rosidl_typesupport_c: rosidl_typesupport_fastrtps_c;rosidl_typesupport_introspection_c
[0.178s] -- Found rosidl_adapter: 2.2.3 (/opt/ros/galactic/share/rosidl_adapter/cmake)
[0.309s] -- Using all available rosidl_typesupport_cpp: rosidl_typesupport_fastrtps_cpp;rosidl_typesupport_introspection_cpp
[0.371s] -- Found rmw_implementation_cmake: 3.3.1 (/opt/ros/galactic/share/rmw_implementation_cmake/cmake)
[0.372s] -- Found rmw_cyclonedds_cpp: 0.22.6 (/opt/ros/galactic/share/rmw_cyclonedds_cpp/cmake)
[0.392s] -- Using RMW implementation 'rmw_cyclonedds_cpp' as default
[0.548s] CMake Error at /opt/ros/galactic/share/ament_cmake_target_dependencies/cmake/ament_target_dependencies.cmake:77 (message):
[0.549s]   ament_target_dependencies() the passed package name 'simple_subscriber' was
[0.549s]   not found before
[0.549s] Call Stack (most recent call first):
[0.549s]   CMakeLists.txt:14 (ament_target_dependencies)
[0.549s] 
[0.549s] 
[0.550s] -- Configuring incomplete, errors occurred!
[0.550s] See also "/home/sdn/ntp/Robotics-Odometry_Control/01_ros2/bumperbot_ws/build/bumperbot_cpp_examples/CMakeFiles/CMakeOutput.log".
[0.550s] See also "/home/sdn/ntp/Robotics-Odometry_Control/01_ros2/bumperbot_ws/build/bumperbot_cpp_examples/CMakeFiles/CMakeError.log".
[0.555s] make: *** [Makefile:266: cmake_check_build_system] Error 1
[0.558s] Invoked command in '/home/sdn/ntp/Robotics-Odometry_Control/01_ros2/bumperbot_ws/build/bumperbot_cpp_examples' returned '2': CMAKE_PREFIX_PATH=/opt/ros/galactic /usr/bin/cmake --build /home/sdn/ntp/Robotics-Odometry_Control/01_ros2/bumperbot_ws/build/bumperbot_cpp_examples -- -j8 -l8
