[0.028s] Invoking command in '/home/sdn/ntp/Robotics-Odometry_Control/01_ros2/bumperbot_ws/build/bumperbot_cpp_examples': CMAKE_PREFIX_PATH=/opt/ros/galactic /usr/bin/cmake --build /home/sdn/ntp/Robotics-Odometry_Control/01_ros2/bumperbot_ws/build/bumperbot_cpp_examples -- -j8 -l8
[0.083s] [35m[1mScanning dependencies of target simple_subscriber[0m
[0.104s] [ 50%] Built target simple_publisher
[0.117s] [ 75%] [32mBuilding CXX object CMakeFiles/simple_subscriber.dir/src/simple_subscriber.cpp.o[0m
[2.586s] [01m[K/home/sdn/ntp/Robotics-Odometry_Control/01_ros2/bumperbot_ws/src/bumperbot_cpp_examples/src/simple_subscriber.cpp:13:35:[m[K [01;31m[Kerror: [m[K‘[01m[Kmsg[m[K’ is not a member of ‘[01m[Kstd[m[K’
[2.587s]    13 |         rclcpp::Subscription<std::[01;31m[Kmsg[m[K::String>::SharedPtr sub_; //Subscription template class takes a message type (std::msg::String) as a template parameter.
[2.587s]       |                                   [01;31m[K^~~[m[K
[2.587s] [01m[K/home/sdn/ntp/Robotics-Odometry_Control/01_ros2/bumperbot_ws/src/bumperbot_cpp_examples/src/simple_subscriber.cpp:13:35:[m[K [01;36m[Knote: [m[Ksuggested alternatives:
[2.587s] In file included from [01m[K/opt/ros/galactic/include/builtin_interfaces/msg/duration.hpp:7[m[K,
[2.587s]                  from [01m[K/opt/ros/galactic/include/rclcpp/duration.hpp:20[m[K,
[2.587s]                  from [01m[K/opt/ros/galactic/include/rclcpp/qos.hpp:20[m[K,
[2.588s]                  from [01m[K/opt/ros/galactic/include/rclcpp/node_interfaces/node_graph_interface.hpp:31[m[K,
[2.588s]                  from [01m[K/opt/ros/galactic/include/rclcpp/client.hpp:34[m[K,
[2.588s]                  from [01m[K/opt/ros/galactic/include/rclcpp/callback_group.hpp:23[m[K,
[2.588s]                  from [01m[K/opt/ros/galactic/include/rclcpp/any_executable.hpp:20[m[K,
[2.588s]                  from [01m[K/opt/ros/galactic/include/rclcpp/memory_strategy.hpp:25[m[K,
[2.588s]                  from [01m[K/opt/ros/galactic/include/rclcpp/memory_strategies.hpp:18[m[K,
[2.588s]                  from [01m[K/opt/ros/galactic/include/rclcpp/executor_options.hpp:20[m[K,
[2.588s]                  from [01m[K/opt/ros/galactic/include/rclcpp/executor.hpp:36[m[K,
[2.589s]                  from [01m[K/opt/ros/galactic/include/rclcpp/executors/multi_threaded_executor.hpp:26[m[K,
[2.589s]                  from [01m[K/opt/ros/galactic/include/rclcpp/executors.hpp:21[m[K,
[2.589s]                  from [01m[K/opt/ros/galactic/include/rclcpp/rclcpp.hpp:156[m[K,
[2.589s]                  from [01m[K/home/sdn/ntp/Robotics-Odometry_Control/01_ros2/bumperbot_ws/src/bumperbot_cpp_examples/src/simple_subscriber.cpp:1[m[K:
[2.589s] [01m[K/opt/ros/galactic/include/builtin_interfaces/msg/detail/duration__struct.hpp:26:11:[m[K [01;36m[Knote: [m[K  ‘[01m[Kbuiltin_interfaces::msg[m[K’
[2.589s]    26 | namespace [01;36m[Kmsg[m[K
[2.589s]       |           [01;36m[K^~~[m[K
[2.589s] In file included from [01m[K/opt/ros/galactic/include/rcl_interfaces/msg/set_parameters_result.hpp:7[m[K,
[2.590s]                  from [01m[K/opt/ros/galactic/include/rclcpp/qos_overriding_options.hpp:28[m[K,
[2.590s]                  from [01m[K/opt/ros/galactic/include/rclcpp/subscription_options.hpp:29[m[K,
[2.590s]                  from [01m[K/opt/ros/galactic/include/rclcpp/subscription.hpp:45[m[K,
[2.590s]                  from [01m[K/opt/ros/galactic/include/rclcpp/any_executable.hpp:25[m[K,
[2.590s]                  from [01m[K/opt/ros/galactic/include/rclcpp/memory_strategy.hpp:25[m[K,
[2.590s]                  from [01m[K/opt/ros/galactic/include/rclcpp/memory_strategies.hpp:18[m[K,
[2.590s]                  from [01m[K/opt/ros/galactic/include/rclcpp/executor_options.hpp:20[m[K,
[2.590s]                  from [01m[K/opt/ros/galactic/include/rclcpp/executor.hpp:36[m[K,
[2.590s]                  from [01m[K/opt/ros/galactic/include/rclcpp/executors/multi_threaded_executor.hpp:26[m[K,
[2.590s]                  from [01m[K/opt/ros/galactic/include/rclcpp/executors.hpp:21[m[K,
[2.591s]                  from [01m[K/opt/ros/galactic/include/rclcpp/rclcpp.hpp:156[m[K,
[2.591s]                  from [01m[K/home/sdn/ntp/Robotics-Odometry_Control/01_ros2/bumperbot_ws/src/bumperbot_cpp_examples/src/simple_subscriber.cpp:1[m[K:
[2.591s] [01m[K/opt/ros/galactic/include/rcl_interfaces/msg/detail/set_parameters_result__struct.hpp:26:11:[m[K [01;36m[Knote: [m[K  ‘[01m[Krcl_interfaces::msg[m[K’
[2.591s]    26 | namespace [01;36m[Kmsg[m[K
[2.591s]       |           [01;36m[K^~~[m[K
[2.591s] In file included from [01m[K/opt/ros/galactic/include/statistics_msgs/msg/detail/metrics_message__struct.hpp:22[m[K,
[2.591s]                  from [01m[K/opt/ros/galactic/include/statistics_msgs/msg/metrics_message.hpp:7[m[K,
[2.591s]                  from [01m[K/opt/ros/galactic/include/libstatistics_collector/collector/generate_statistics_message.hpp:21[m[K,
[2.592s]                  from [01m[K/opt/ros/galactic/include/rclcpp/topic_statistics/subscription_topic_statistics.hpp:23[m[K,
[2.592s]                  from [01m[K/opt/ros/galactic/include/rclcpp/subscription.hpp:50[m[K,
[2.592s]                  from [01m[K/opt/ros/galactic/include/rclcpp/any_executable.hpp:25[m[K,
[2.592s]                  from [01m[K/opt/ros/galactic/include/rclcpp/memory_strategy.hpp:25[m[K,
[2.592s]                  from [01m[K/opt/ros/galactic/include/rclcpp/memory_strategies.hpp:18[m[K,
[2.592s]                  from [01m[K/opt/ros/galactic/include/rclcpp/executor_options.hpp:20[m[K,
[2.592s]                  from [01m[K/opt/ros/galactic/include/rclcpp/executor.hpp:36[m[K,
[2.592s]                  from [01m[K/opt/ros/galactic/include/rclcpp/executors/multi_threaded_executor.hpp:26[m[K,
[2.592s]                  from [01m[K/opt/ros/galactic/include/rclcpp/executors.hpp:21[m[K,
[2.593s]                  from [01m[K/opt/ros/galactic/include/rclcpp/rclcpp.hpp:156[m[K,
[2.593s]                  from [01m[K/home/sdn/ntp/Robotics-Odometry_Control/01_ros2/bumperbot_ws/src/bumperbot_cpp_examples/src/simple_subscriber.cpp:1[m[K:
[2.593s] [01m[K/opt/ros/galactic/include/statistics_msgs/msg/detail/statistic_data_point__struct.hpp:26:11:[m[K [01;36m[Knote: [m[K  ‘[01m[Kstatistics_msgs::msg[m[K’
[2.593s]    26 | namespace [01;36m[Kmsg[m[K
[2.593s]       |           [01;36m[K^~~[m[K
[2.594s] In file included from [01m[K/opt/ros/galactic/include/std_msgs/msg/string.hpp:7[m[K,
[2.594s]                  from [01m[K/home/sdn/ntp/Robotics-Odometry_Control/01_ros2/bumperbot_ws/src/bumperbot_cpp_examples/src/simple_subscriber.cpp:2[m[K:
[2.594s] [01m[K/opt/ros/galactic/include/std_msgs/msg/detail/string__struct.hpp:26:11:[m[K [01;36m[Knote: [m[K  ‘[01m[Kstd_msgs::msg[m[K’
[2.594s]    26 | namespace [01;36m[Kmsg[m[K
[2.594s]       |           [01;36m[K^~~[m[K
[2.594s] [01m[K/home/sdn/ntp/Robotics-Odometry_Control/01_ros2/bumperbot_ws/src/bumperbot_cpp_examples/src/simple_subscriber.cpp:13:46:[m[K [01;31m[Kerror: [m[Ktemplate argument 1 is invalid
[2.594s]    13 |         rclcpp::Subscription<std::msg::String[01;31m[K>[m[K::SharedPtr sub_; //Subscription template class takes a message type (std::msg::String) as a template parameter.
[2.594s]       |                                              [01;31m[K^[m[K
[2.595s] [01m[K/home/sdn/ntp/Robotics-Odometry_Control/01_ros2/bumperbot_ws/src/bumperbot_cpp_examples/src/simple_subscriber.cpp:13:46:[m[K [01;31m[Kerror: [m[Ktemplate argument 3 is invalid
[2.595s] [01m[K/home/sdn/ntp/Robotics-Odometry_Control/01_ros2/bumperbot_ws/src/bumperbot_cpp_examples/src/simple_subscriber.cpp:13:49:[m[K [01;31m[Kerror: [m[Kexpected ‘[01m[K;[m[K’ at end of member declaration
[2.595s]    13 |         rclcpp::Subscription<std::msg::String>::[01;31m[KSharedPtr[m[K sub_; //Subscription template class takes a message type (std::msg::String) as a template parameter.
[2.595s]       |                                                 [01;31m[K^~~~~~~~~[m[K
[2.595s]       |                                                          [32m[K;[m[K
[2.595s] [01m[K/home/sdn/ntp/Robotics-Odometry_Control/01_ros2/bumperbot_ws/src/bumperbot_cpp_examples/src/simple_subscriber.cpp:13:59:[m[K [01;31m[Kerror: [m[K‘[01m[Ksub_[m[K’ does not name a type
[2.595s]    13 |         rclcpp::Subscription<std::msg::String>::SharedPtr [01;31m[Ksub_[m[K; //Subscription template class takes a message type (std::msg::String) as a template parameter.
[2.596s]       |                                                           [01;31m[K^~~~[m[K
[2.596s] [01m[K/home/sdn/ntp/Robotics-Odometry_Control/01_ros2/bumperbot_ws/src/bumperbot_cpp_examples/src/simple_subscriber.cpp:[m[K In constructor ‘[01m[KSimpleSubscriber::SimpleSubscriber()[m[K’:
[2.596s] [01m[K/home/sdn/ntp/Robotics-Odometry_Control/01_ros2/bumperbot_ws/src/bumperbot_cpp_examples/src/simple_subscriber.cpp:9:13:[m[K [01;31m[Kerror: [m[K‘[01m[Ksub_[m[K’ was not declared in this scope
[2.596s]     9 |             [01;31m[Ksub_[m[K = create_subscription<std::msg::String>("chatter", 10, std::bind(&SimpleSubscriber::msgCallback(), this, _1)); //ROS2 uses an executor with create_subscription() to notify the message to the callback function.
[2.596s]       |             [01;31m[K^~~~[m[K
[2.596s] [01m[K/home/sdn/ntp/Robotics-Odometry_Control/01_ros2/bumperbot_ws/src/bumperbot_cpp_examples/src/simple_subscriber.cpp:9:45:[m[K [01;31m[Kerror: [m[K‘[01m[Kmsg[m[K’ is not a member of ‘[01m[Kstd[m[K’
[2.596s]     9 |             sub_ = create_subscription<std::[01;31m[Kmsg[m[K::String>("chatter", 10, std::bind(&SimpleSubscriber::msgCallback(), this, _1)); //ROS2 uses an executor with create_subscription() to notify the message to the callback function.
[2.596s]       |                                             [01;31m[K^~~[m[K
[2.596s] [01m[K/home/sdn/ntp/Robotics-Odometry_Control/01_ros2/bumperbot_ws/src/bumperbot_cpp_examples/src/simple_subscriber.cpp:9:45:[m[K [01;36m[Knote: [m[Ksuggested alternatives:
[2.597s] In file included from [01m[K/opt/ros/galactic/include/builtin_interfaces/msg/duration.hpp:7[m[K,
[2.597s]                  from [01m[K/opt/ros/galactic/include/rclcpp/duration.hpp:20[m[K,
[2.597s]                  from [01m[K/opt/ros/galactic/include/rclcpp/qos.hpp:20[m[K,
[2.597s]                  from [01m[K/opt/ros/galactic/include/rclcpp/node_interfaces/node_graph_interface.hpp:31[m[K,
[2.597s]                  from [01m[K/opt/ros/galactic/include/rclcpp/client.hpp:34[m[K,
[2.597s]                  from [01m[K/opt/ros/galactic/include/rclcpp/callback_group.hpp:23[m[K,
[2.597s]                  from [01m[K/opt/ros/galactic/include/rclcpp/any_executable.hpp:20[m[K,
[2.597s]                  from [01m[K/opt/ros/galactic/include/rclcpp/memory_strategy.hpp:25[m[K,
[2.598s]                  from [01m[K/opt/ros/galactic/include/rclcpp/memory_strategies.hpp:18[m[K,
[2.598s]                  from [01m[K/opt/ros/galactic/include/rclcpp/executor_options.hpp:20[m[K,
[2.598s]                  from [01m[K/opt/ros/galactic/include/rclcpp/executor.hpp:36[m[K,
[2.598s]                  from [01m[K/opt/ros/galactic/include/rclcpp/executors/multi_threaded_executor.hpp:26[m[K,
[2.598s]                  from [01m[K/opt/ros/galactic/include/rclcpp/executors.hpp:21[m[K,
[2.598s]                  from [01m[K/opt/ros/galactic/include/rclcpp/rclcpp.hpp:156[m[K,
[2.598s]                  from [01m[K/home/sdn/ntp/Robotics-Odometry_Control/01_ros2/bumperbot_ws/src/bumperbot_cpp_examples/src/simple_subscriber.cpp:1[m[K:
[2.598s] [01m[K/opt/ros/galactic/include/builtin_interfaces/msg/detail/duration__struct.hpp:26:11:[m[K [01;36m[Knote: [m[K  ‘[01m[Kbuiltin_interfaces::msg[m[K’
[2.598s]    26 | namespace [01;36m[Kmsg[m[K
[2.599s]       |           [01;36m[K^~~[m[K
[2.599s] In file included from [01m[K/opt/ros/galactic/include/rcl_interfaces/msg/set_parameters_result.hpp:7[m[K,
[2.599s]                  from [01m[K/opt/ros/galactic/include/rclcpp/qos_overriding_options.hpp:28[m[K,
[2.599s]                  from [01m[K/opt/ros/galactic/include/rclcpp/subscription_options.hpp:29[m[K,
[2.599s]                  from [01m[K/opt/ros/galactic/include/rclcpp/subscription.hpp:45[m[K,
[2.599s]                  from [01m[K/opt/ros/galactic/include/rclcpp/any_executable.hpp:25[m[K,
[2.599s]                  from [01m[K/opt/ros/galactic/include/rclcpp/memory_strategy.hpp:25[m[K,
[2.599s]                  from [01m[K/opt/ros/galactic/include/rclcpp/memory_strategies.hpp:18[m[K,
[2.600s]                  from [01m[K/opt/ros/galactic/include/rclcpp/executor_options.hpp:20[m[K,
[2.600s]                  from [01m[K/opt/ros/galactic/include/rclcpp/executor.hpp:36[m[K,
[2.600s]                  from [01m[K/opt/ros/galactic/include/rclcpp/executors/multi_threaded_executor.hpp:26[m[K,
[2.600s]                  from [01m[K/opt/ros/galactic/include/rclcpp/executors.hpp:21[m[K,
[2.600s]                  from [01m[K/opt/ros/galactic/include/rclcpp/rclcpp.hpp:156[m[K,
[2.600s]                  from [01m[K/home/sdn/ntp/Robotics-Odometry_Control/01_ros2/bumperbot_ws/src/bumperbot_cpp_examples/src/simple_subscriber.cpp:1[m[K:
[2.600s] [01m[K/opt/ros/galactic/include/rcl_interfaces/msg/detail/set_parameters_result__struct.hpp:26:11:[m[K [01;36m[Knote: [m[K  ‘[01m[Krcl_interfaces::msg[m[K’
[2.600s]    26 | namespace [01;36m[Kmsg[m[K
[2.601s]       |           [01;36m[K^~~[m[K
[2.601s] In file included from [01m[K/opt/ros/galactic/include/statistics_msgs/msg/detail/metrics_message__struct.hpp:22[m[K,
[2.601s]                  from [01m[K/opt/ros/galactic/include/statistics_msgs/msg/metrics_message.hpp:7[m[K,
[2.601s]                  from [01m[K/opt/ros/galactic/include/libstatistics_collector/collector/generate_statistics_message.hpp:21[m[K,
[2.601s]                  from [01m[K/opt/ros/galactic/include/rclcpp/topic_statistics/subscription_topic_statistics.hpp:23[m[K,
[2.601s]                  from [01m[K/opt/ros/galactic/include/rclcpp/subscription.hpp:50[m[K,
[2.601s]                  from [01m[K/opt/ros/galactic/include/rclcpp/any_executable.hpp:25[m[K,
[2.601s]                  from [01m[K/opt/ros/galactic/include/rclcpp/memory_strategy.hpp:25[m[K,
[2.602s]                  from [01m[K/opt/ros/galactic/include/rclcpp/memory_strategies.hpp:18[m[K,
[2.602s]                  from [01m[K/opt/ros/galactic/include/rclcpp/executor_options.hpp:20[m[K,
[2.602s]                  from [01m[K/opt/ros/galactic/include/rclcpp/executor.hpp:36[m[K,
[2.602s]                  from [01m[K/opt/ros/galactic/include/rclcpp/executors/multi_threaded_executor.hpp:26[m[K,
[2.602s]                  from [01m[K/opt/ros/galactic/include/rclcpp/executors.hpp:21[m[K,
[2.602s]                  from [01m[K/opt/ros/galactic/include/rclcpp/rclcpp.hpp:156[m[K,
[2.602s]                  from [01m[K/home/sdn/ntp/Robotics-Odometry_Control/01_ros2/bumperbot_ws/src/bumperbot_cpp_examples/src/simple_subscriber.cpp:1[m[K:
[2.602s] [01m[K/opt/ros/galactic/include/statistics_msgs/msg/detail/statistic_data_point__struct.hpp:26:11:[m[K [01;36m[Knote: [m[K  ‘[01m[Kstatistics_msgs::msg[m[K’
[2.603s]    26 | namespace [01;36m[Kmsg[m[K
[2.603s]       |           [01;36m[K^~~[m[K
[2.603s] In file included from [01m[K/opt/ros/galactic/include/std_msgs/msg/string.hpp:7[m[K,
[2.603s]                  from [01m[K/home/sdn/ntp/Robotics-Odometry_Control/01_ros2/bumperbot_ws/src/bumperbot_cpp_examples/src/simple_subscriber.cpp:2[m[K:
[2.603s] [01m[K/opt/ros/galactic/include/std_msgs/msg/detail/string__struct.hpp:26:11:[m[K [01;36m[Knote: [m[K  ‘[01m[Kstd_msgs::msg[m[K’
[2.603s]    26 | namespace [01;36m[Kmsg[m[K
[2.603s]       |           [01;36m[K^~~[m[K
[2.603s] [01m[K/home/sdn/ntp/Robotics-Odometry_Control/01_ros2/bumperbot_ws/src/bumperbot_cpp_examples/src/simple_subscriber.cpp:9:20:[m[K [01;31m[Kerror: [m[Kparse error in template argument list
[2.604s]     9 |             sub_ = [01;31m[Kcreate_subscription<std::msg::String>[m[K("chatter", 10, std::bind(&SimpleSubscriber::msgCallback(), this, _1)); //ROS2 uses an executor with create_subscription() to notify the message to the callback function.
[2.604s]       |                    [01;31m[K^~~~~~~~~~~~~~~~~~~~~~~~~~~~~~~~~~~~~[m[K
[2.604s] [01m[K/home/sdn/ntp/Robotics-Odometry_Control/01_ros2/bumperbot_ws/src/bumperbot_cpp_examples/src/simple_subscriber.cpp:9:114:[m[K [01;31m[Kerror: [m[Kno matching function for call to ‘[01m[KSimpleSubscriber::msgCallback()[m[K’
[2.604s]     9 |             sub_ = create_subscription<std::msg::String>("chatter", 10, std::bind(&SimpleSubscriber::msgCallback([01;31m[K)[m[K, this, _1)); //ROS2 uses an executor with create_subscription() to notify the message to the callback function.
[2.604s]       |                                                                                                                  [01;31m[K^[m[K
[2.604s] [01m[K/home/sdn/ntp/Robotics-Odometry_Control/01_ros2/bumperbot_ws/src/bumperbot_cpp_examples/src/simple_subscriber.cpp:14:14:[m[K [01;36m[Knote: [m[Kcandidate: ‘[01m[Kvoid SimpleSubscriber::msgCallback(const String&) const[m[K’
[2.604s]    14 |         void [01;36m[KmsgCallback[m[K(const std_msgs::msg::String &msg) const { // parameter const = function will not modify the contents of msg. // msgCallback is a constant member function. This means that the function does not modify any member variables of the class. //&msg so it need not make a copy of msg again.
[2.604s]       |              [01;36m[K^~~~~~~~~~~[m[K
[2.605s] [01m[K/home/sdn/ntp/Robotics-Odometry_Control/01_ros2/bumperbot_ws/src/bumperbot_cpp_examples/src/simple_subscriber.cpp:14:14:[m[K [01;36m[Knote: [m[K  candidate expects 1 argument, 0 provided
[3.454s] make[2]: *** [CMakeFiles/simple_subscriber.dir/build.make:63: CMakeFiles/simple_subscriber.dir/src/simple_subscriber.cpp.o] Error 1
[3.454s] make[1]: *** [CMakeFiles/Makefile2:80: CMakeFiles/simple_subscriber.dir/all] Error 2
[3.454s] make: *** [Makefile:141: all] Error 2
[3.458s] Invoked command in '/home/sdn/ntp/Robotics-Odometry_Control/01_ros2/bumperbot_ws/build/bumperbot_cpp_examples' returned '2': CMAKE_PREFIX_PATH=/opt/ros/galactic /usr/bin/cmake --build /home/sdn/ntp/Robotics-Odometry_Control/01_ros2/bumperbot_ws/build/bumperbot_cpp_examples -- -j8 -l8
