[1.009s] Invoking command in '/home/sdn/ntp/Robotics-Odometry_Control/01_ros2/bumperbot_ws/src/bumperbot_py_examples': PYTHONPATH=/home/sdn/ntp/Robotics-Odometry_Control/01_ros2/bumperbot_ws/build/bumperbot_py_examples/prefix_override:/usr/lib/python3/dist-packages/colcon_core/task/python/colcon_distutils_commands:/home/sdn/ntp/Robotics-Odometry_Control/01_ros2/bumperbot_ws/install/bumperbot_py_examples/lib/python3.8/site-packages:${PYTHONPATH} /usr/bin/python3 -W ignore:setup.py install is deprecated -W ignore:easy_install command is deprecated setup.py egg_info --egg-base ../../build/bumperbot_py_examples build --build-base /home/sdn/ntp/Robotics-Odometry_Control/01_ros2/bumperbot_ws/build/bumperbot_py_examples/build install --record /home/sdn/ntp/Robotics-Odometry_Control/01_ros2/bumperbot_ws/build/bumperbot_py_examples/install.log --single-version-externally-managed install_data
[1.407s] running egg_info
[1.408s] writing ../../build/bumperbot_py_examples/bumperbot_py_examples.egg-info/PKG-INFO
[1.408s] writing dependency_links to ../../build/bumperbot_py_examples/bumperbot_py_examples.egg-info/dependency_links.txt
[1.408s] writing entry points to ../../build/bumperbot_py_examples/bumperbot_py_examples.egg-info/entry_points.txt
[1.409s] writing requirements to ../../build/bumperbot_py_examples/bumperbot_py_examples.egg-info/requires.txt
[1.409s] writing top-level names to ../../build/bumperbot_py_examples/bumperbot_py_examples.egg-info/top_level.txt
[1.453s] reading manifest file '../../build/bumperbot_py_examples/bumperbot_py_examples.egg-info/SOURCES.txt'
[1.455s] writing manifest file '../../build/bumperbot_py_examples/bumperbot_py_examples.egg-info/SOURCES.txt'
[1.455s] running build
[1.455s] running build_py
[1.455s] running install
[1.457s] running install_lib
[1.460s] running install_data
[1.460s] running install_egg_info
[1.463s] removing '/home/sdn/ntp/Robotics-Odometry_Control/01_ros2/bumperbot_ws/install/bumperbot_py_examples/lib/python3.8/site-packages/bumperbot_py_examples-0.0.0-py3.8.egg-info' (and everything under it)
[1.463s] Copying ../../build/bumperbot_py_examples/bumperbot_py_examples.egg-info to /home/sdn/ntp/Robotics-Odometry_Control/01_ros2/bumperbot_ws/install/bumperbot_py_examples/lib/python3.8/site-packages/bumperbot_py_examples-0.0.0-py3.8.egg-info
[1.464s] running install_scripts
[1.493s] writing list of installed files to '/home/sdn/ntp/Robotics-Odometry_Control/01_ros2/bumperbot_ws/build/bumperbot_py_examples/install.log'
[1.547s] Invoked command in '/home/sdn/ntp/Robotics-Odometry_Control/01_ros2/bumperbot_ws/src/bumperbot_py_examples' returned '0': PYTHONPATH=/home/sdn/ntp/Robotics-Odometry_Control/01_ros2/bumperbot_ws/build/bumperbot_py_examples/prefix_override:/usr/lib/python3/dist-packages/colcon_core/task/python/colcon_distutils_commands:/home/sdn/ntp/Robotics-Odometry_Control/01_ros2/bumperbot_ws/install/bumperbot_py_examples/lib/python3.8/site-packages:${PYTHONPATH} /usr/bin/python3 -W ignore:setup.py install is deprecated -W ignore:easy_install command is deprecated setup.py egg_info --egg-base ../../build/bumperbot_py_examples build --build-base /home/sdn/ntp/Robotics-Odometry_Control/01_ros2/bumperbot_ws/build/bumperbot_py_examples/build install --record /home/sdn/ntp/Robotics-Odometry_Control/01_ros2/bumperbot_ws/build/bumperbot_py_examples/install.log --single-version-externally-managed install_data
