[0.226s] DEBUG:colcon:Command line arguments: ['/usr/bin/colcon', 'build']
[0.226s] DEBUG:colcon:Parsed command line arguments: Namespace(allow_overriding=[], ament_cmake_args=None, base_paths=['.'], build_base='build', catkin_cmake_args=None, catkin_skip_building_tests=False, cmake_args=None, cmake_clean_cache=False, cmake_clean_first=False, cmake_force_configure=False, cmake_target=None, cmake_target_skip_unavailable=False, continue_on_error=False, event_handlers=None, executor='parallel', ignore_user_meta=False, install_base='install', log_base=None, log_level=None, main=<bound method BuildVerb.main of <colcon_core.verb.build.BuildVerb object at 0x7f7fb320bdc0>>, merge_install=False, metas=['./colcon.meta'], mixin=None, mixin_files=None, mixin_verb=('build',), packages_above=None, packages_above_and_dependencies=None, packages_above_depth=None, packages_end=None, packages_ignore=None, packages_ignore_regex=None, packages_select=None, packages_select_build_failed=False, packages_select_by_dep=None, packages_select_regex=None, packages_select_test_failures=False, packages_skip=None, packages_skip_build_finished=False, packages_skip_by_dep=None, packages_skip_regex=None, packages_skip_test_passed=False, packages_skip_up_to=None, packages_start=None, packages_up_to=None, packages_up_to_regex=None, parallel_workers=8, paths=None, symlink_install=False, test_result_base=None, verb_extension=<colcon_core.verb.build.BuildVerb object at 0x7f7fb320bdc0>, verb_name='build', verb_parser=<colcon_mixin.mixin.mixin_argument.MixinArgumentDecorator object at 0x7f7fb320bf40>)
[0.429s] Level 1:colcon.colcon_core.package_discovery:discover_packages(colcon_meta) check parameters
[0.429s] Level 1:colcon.colcon_core.package_discovery:discover_packages(recursive) check parameters
[0.429s] Level 1:colcon.colcon_core.package_discovery:discover_packages(ignore) check parameters
[0.429s] Level 1:colcon.colcon_core.package_discovery:discover_packages(path) check parameters
[0.429s] Level 1:colcon.colcon_core.package_discovery:discover_packages(colcon_meta) discover
[0.429s] Level 1:colcon.colcon_core.package_discovery:discover_packages(recursive) discover
[0.429s] INFO:colcon.colcon_core.package_discovery:Crawling recursively for packages in '/home/sdn/ntp/Robotics-Odometry_Control/01_ros2/bumperbot_ws'
[0.429s] Level 1:colcon.colcon_core.package_identification:_identify(.) by extensions ['ignore', 'ignore_ament_install']
[0.429s] Level 1:colcon.colcon_core.package_identification:_identify(.) by extension 'ignore'
[0.429s] Level 1:colcon.colcon_core.package_identification:_identify(.) by extension 'ignore_ament_install'
[0.429s] Level 1:colcon.colcon_core.package_identification:_identify(.) by extensions ['colcon_pkg']
[0.429s] Level 1:colcon.colcon_core.package_identification:_identify(.) by extension 'colcon_pkg'
[0.430s] Level 1:colcon.colcon_core.package_identification:_identify(.) by extensions ['colcon_meta']
[0.430s] Level 1:colcon.colcon_core.package_identification:_identify(.) by extension 'colcon_meta'
[0.430s] Level 1:colcon.colcon_core.package_identification:_identify(.) by extensions ['ros']
[0.430s] Level 1:colcon.colcon_core.package_identification:_identify(.) by extension 'ros'
[0.441s] Level 1:colcon.colcon_core.package_identification:_identify(.) by extensions ['cmake', 'python']
[0.441s] Level 1:colcon.colcon_core.package_identification:_identify(.) by extension 'cmake'
[0.441s] Level 1:colcon.colcon_core.package_identification:_identify(.) by extension 'python'
[0.442s] Level 1:colcon.colcon_core.package_identification:_identify(.) by extensions ['python_setup_py']
[0.442s] Level 1:colcon.colcon_core.package_identification:_identify(.) by extension 'python_setup_py'
[0.442s] Level 1:colcon.colcon_core.package_identification:_identify(build) by extensions ['ignore', 'ignore_ament_install']
[0.442s] Level 1:colcon.colcon_core.package_identification:_identify(build) by extension 'ignore'
[0.442s] Level 1:colcon.colcon_core.package_identification:_identify(build) ignored
[0.442s] Level 1:colcon.colcon_core.package_identification:_identify(install) by extensions ['ignore', 'ignore_ament_install']
[0.442s] Level 1:colcon.colcon_core.package_identification:_identify(install) by extension 'ignore'
[0.442s] Level 1:colcon.colcon_core.package_identification:_identify(install) ignored
[0.442s] Level 1:colcon.colcon_core.package_identification:_identify(log) by extensions ['ignore', 'ignore_ament_install']
[0.442s] Level 1:colcon.colcon_core.package_identification:_identify(log) by extension 'ignore'
[0.442s] Level 1:colcon.colcon_core.package_identification:_identify(log) ignored
[0.443s] Level 1:colcon.colcon_core.package_identification:_identify(src) by extensions ['ignore', 'ignore_ament_install']
[0.443s] Level 1:colcon.colcon_core.package_identification:_identify(src) by extension 'ignore'
[0.443s] Level 1:colcon.colcon_core.package_identification:_identify(src) by extension 'ignore_ament_install'
[0.443s] Level 1:colcon.colcon_core.package_identification:_identify(src) by extensions ['colcon_pkg']
[0.443s] Level 1:colcon.colcon_core.package_identification:_identify(src) by extension 'colcon_pkg'
[0.443s] Level 1:colcon.colcon_core.package_identification:_identify(src) by extensions ['colcon_meta']
[0.443s] Level 1:colcon.colcon_core.package_identification:_identify(src) by extension 'colcon_meta'
[0.443s] Level 1:colcon.colcon_core.package_identification:_identify(src) by extensions ['ros']
[0.443s] Level 1:colcon.colcon_core.package_identification:_identify(src) by extension 'ros'
[0.443s] Level 1:colcon.colcon_core.package_identification:_identify(src) by extensions ['cmake', 'python']
[0.443s] Level 1:colcon.colcon_core.package_identification:_identify(src) by extension 'cmake'
[0.443s] Level 1:colcon.colcon_core.package_identification:_identify(src) by extension 'python'
[0.443s] Level 1:colcon.colcon_core.package_identification:_identify(src) by extensions ['python_setup_py']
[0.443s] Level 1:colcon.colcon_core.package_identification:_identify(src) by extension 'python_setup_py'
[0.443s] Level 1:colcon.colcon_core.package_identification:_identify(src/bumperbot_cpp_examples) by extensions ['ignore', 'ignore_ament_install']
[0.443s] Level 1:colcon.colcon_core.package_identification:_identify(src/bumperbot_cpp_examples) by extension 'ignore'
[0.443s] Level 1:colcon.colcon_core.package_identification:_identify(src/bumperbot_cpp_examples) by extension 'ignore_ament_install'
[0.444s] Level 1:colcon.colcon_core.package_identification:_identify(src/bumperbot_cpp_examples) by extensions ['colcon_pkg']
[0.444s] Level 1:colcon.colcon_core.package_identification:_identify(src/bumperbot_cpp_examples) by extension 'colcon_pkg'
[0.444s] Level 1:colcon.colcon_core.package_identification:_identify(src/bumperbot_cpp_examples) by extensions ['colcon_meta']
[0.444s] Level 1:colcon.colcon_core.package_identification:_identify(src/bumperbot_cpp_examples) by extension 'colcon_meta'
[0.444s] Level 1:colcon.colcon_core.package_identification:_identify(src/bumperbot_cpp_examples) by extensions ['ros']
[0.444s] Level 1:colcon.colcon_core.package_identification:_identify(src/bumperbot_cpp_examples) by extension 'ros'
[0.446s] DEBUG:colcon.colcon_core.package_identification:Package 'src/bumperbot_cpp_examples' with type 'ros.ament_cmake' and name 'bumperbot_cpp_examples'
[0.447s] Level 1:colcon.colcon_core.package_identification:_identify(src/bumperbot_py_examples) by extensions ['ignore', 'ignore_ament_install']
[0.447s] Level 1:colcon.colcon_core.package_identification:_identify(src/bumperbot_py_examples) by extension 'ignore'
[0.447s] Level 1:colcon.colcon_core.package_identification:_identify(src/bumperbot_py_examples) by extension 'ignore_ament_install'
[0.447s] Level 1:colcon.colcon_core.package_identification:_identify(src/bumperbot_py_examples) by extensions ['colcon_pkg']
[0.447s] Level 1:colcon.colcon_core.package_identification:_identify(src/bumperbot_py_examples) by extension 'colcon_pkg'
[0.447s] Level 1:colcon.colcon_core.package_identification:_identify(src/bumperbot_py_examples) by extensions ['colcon_meta']
[0.447s] Level 1:colcon.colcon_core.package_identification:_identify(src/bumperbot_py_examples) by extension 'colcon_meta'
[0.447s] Level 1:colcon.colcon_core.package_identification:_identify(src/bumperbot_py_examples) by extensions ['ros']
[0.447s] Level 1:colcon.colcon_core.package_identification:_identify(src/bumperbot_py_examples) by extension 'ros'
[0.447s] DEBUG:colcon.colcon_core.package_identification:Package 'src/bumperbot_py_examples' with type 'ros.ament_python' and name 'bumperbot_py_examples'
[0.447s] Level 1:colcon.colcon_core.package_discovery:discover_packages(recursive) using defaults
[0.448s] Level 1:colcon.colcon_core.package_discovery:discover_packages(ignore) discover
[0.448s] Level 1:colcon.colcon_core.package_discovery:discover_packages(ignore) using defaults
[0.448s] Level 1:colcon.colcon_core.package_discovery:discover_packages(path) discover
[0.448s] Level 1:colcon.colcon_core.package_discovery:discover_packages(path) using defaults
[0.465s] Level 1:colcon.colcon_core.package_discovery:discover_packages(prefix_path) check parameters
[0.465s] Level 1:colcon.colcon_core.package_discovery:discover_packages(prefix_path) discover
[0.479s] DEBUG:colcon.colcon_installed_package_information.package_discovery:Found 317 installed packages in /opt/ros/galactic
[0.481s] Level 1:colcon.colcon_core.package_discovery:discover_packages(prefix_path) using defaults
[0.558s] Level 5:colcon.colcon_core.verb:set package 'bumperbot_cpp_examples' build argument 'cmake_args' from command line to 'None'
[0.558s] Level 5:colcon.colcon_core.verb:set package 'bumperbot_cpp_examples' build argument 'cmake_target' from command line to 'None'
[0.558s] Level 5:colcon.colcon_core.verb:set package 'bumperbot_cpp_examples' build argument 'cmake_target_skip_unavailable' from command line to 'False'
[0.558s] Level 5:colcon.colcon_core.verb:set package 'bumperbot_cpp_examples' build argument 'cmake_clean_cache' from command line to 'False'
[0.558s] Level 5:colcon.colcon_core.verb:set package 'bumperbot_cpp_examples' build argument 'cmake_clean_first' from command line to 'False'
[0.558s] Level 5:colcon.colcon_core.verb:set package 'bumperbot_cpp_examples' build argument 'cmake_force_configure' from command line to 'False'
[0.558s] Level 5:colcon.colcon_core.verb:set package 'bumperbot_cpp_examples' build argument 'ament_cmake_args' from command line to 'None'
[0.558s] Level 5:colcon.colcon_core.verb:set package 'bumperbot_cpp_examples' build argument 'catkin_cmake_args' from command line to 'None'
[0.558s] Level 5:colcon.colcon_core.verb:set package 'bumperbot_cpp_examples' build argument 'catkin_skip_building_tests' from command line to 'False'
[0.558s] DEBUG:colcon.colcon_core.verb:Building package 'bumperbot_cpp_examples' with the following arguments: {'ament_cmake_args': None, 'build_base': '/home/sdn/ntp/Robotics-Odometry_Control/01_ros2/bumperbot_ws/build/bumperbot_cpp_examples', 'catkin_cmake_args': None, 'catkin_skip_building_tests': False, 'cmake_args': None, 'cmake_clean_cache': False, 'cmake_clean_first': False, 'cmake_force_configure': False, 'cmake_target': None, 'cmake_target_skip_unavailable': False, 'install_base': '/home/sdn/ntp/Robotics-Odometry_Control/01_ros2/bumperbot_ws/install/bumperbot_cpp_examples', 'merge_install': False, 'path': '/home/sdn/ntp/Robotics-Odometry_Control/01_ros2/bumperbot_ws/src/bumperbot_cpp_examples', 'symlink_install': False, 'test_result_base': None}
[0.559s] Level 5:colcon.colcon_core.verb:set package 'bumperbot_py_examples' build argument 'cmake_args' from command line to 'None'
[0.559s] Level 5:colcon.colcon_core.verb:set package 'bumperbot_py_examples' build argument 'cmake_target' from command line to 'None'
[0.559s] Level 5:colcon.colcon_core.verb:set package 'bumperbot_py_examples' build argument 'cmake_target_skip_unavailable' from command line to 'False'
[0.559s] Level 5:colcon.colcon_core.verb:set package 'bumperbot_py_examples' build argument 'cmake_clean_cache' from command line to 'False'
[0.559s] Level 5:colcon.colcon_core.verb:set package 'bumperbot_py_examples' build argument 'cmake_clean_first' from command line to 'False'
[0.559s] Level 5:colcon.colcon_core.verb:set package 'bumperbot_py_examples' build argument 'cmake_force_configure' from command line to 'False'
[0.559s] Level 5:colcon.colcon_core.verb:set package 'bumperbot_py_examples' build argument 'ament_cmake_args' from command line to 'None'
[0.559s] Level 5:colcon.colcon_core.verb:set package 'bumperbot_py_examples' build argument 'catkin_cmake_args' from command line to 'None'
[0.559s] Level 5:colcon.colcon_core.verb:set package 'bumperbot_py_examples' build argument 'catkin_skip_building_tests' from command line to 'False'
[0.559s] DEBUG:colcon.colcon_core.verb:Building package 'bumperbot_py_examples' with the following arguments: {'ament_cmake_args': None, 'build_base': '/home/sdn/ntp/Robotics-Odometry_Control/01_ros2/bumperbot_ws/build/bumperbot_py_examples', 'catkin_cmake_args': None, 'catkin_skip_building_tests': False, 'cmake_args': None, 'cmake_clean_cache': False, 'cmake_clean_first': False, 'cmake_force_configure': False, 'cmake_target': None, 'cmake_target_skip_unavailable': False, 'install_base': '/home/sdn/ntp/Robotics-Odometry_Control/01_ros2/bumperbot_ws/install/bumperbot_py_examples', 'merge_install': False, 'path': '/home/sdn/ntp/Robotics-Odometry_Control/01_ros2/bumperbot_ws/src/bumperbot_py_examples', 'symlink_install': False, 'test_result_base': None}
[0.559s] INFO:colcon.colcon_core.executor:Executing jobs using 'parallel' executor
[0.560s] DEBUG:colcon.colcon_parallel_executor.executor.parallel:run_until_complete
[0.561s] INFO:colcon.colcon_ros.task.ament_cmake.build:Building ROS package in '/home/sdn/ntp/Robotics-Odometry_Control/01_ros2/bumperbot_ws/src/bumperbot_cpp_examples' with build type 'ament_cmake'
[0.561s] INFO:colcon.colcon_cmake.task.cmake.build:Building CMake package in '/home/sdn/ntp/Robotics-Odometry_Control/01_ros2/bumperbot_ws/src/bumperbot_cpp_examples'
[0.563s] INFO:colcon.colcon_core.plugin_system:Skipping extension 'colcon_core.shell.bat': Not used on non-Windows systems
[0.563s] INFO:colcon.colcon_core.shell:Skip shell extension 'powershell' for command environment: Not usable outside of PowerShell
[0.563s] DEBUG:colcon.colcon_core.shell:Skip shell extension 'dsv' for command environment
[0.567s] INFO:colcon.colcon_ros.task.ament_python.build:Building ROS package in '/home/sdn/ntp/Robotics-Odometry_Control/01_ros2/bumperbot_ws/src/bumperbot_py_examples' with build type 'ament_python'
[0.567s] Level 1:colcon.colcon_core.shell:create_environment_hook('bumperbot_py_examples', 'ament_prefix_path')
[0.568s] INFO:colcon.colcon_core.shell:Creating environment hook '/home/sdn/ntp/Robotics-Odometry_Control/01_ros2/bumperbot_ws/install/bumperbot_py_examples/share/bumperbot_py_examples/hook/ament_prefix_path.ps1'
[0.569s] INFO:colcon.colcon_core.shell:Creating environment descriptor '/home/sdn/ntp/Robotics-Odometry_Control/01_ros2/bumperbot_ws/install/bumperbot_py_examples/share/bumperbot_py_examples/hook/ament_prefix_path.dsv'
[0.569s] INFO:colcon.colcon_core.shell:Creating environment hook '/home/sdn/ntp/Robotics-Odometry_Control/01_ros2/bumperbot_ws/install/bumperbot_py_examples/share/bumperbot_py_examples/hook/ament_prefix_path.sh'
[0.570s] INFO:colcon.colcon_core.shell:Skip shell extension 'powershell' for command environment: Not usable outside of PowerShell
[0.570s] DEBUG:colcon.colcon_core.shell:Skip shell extension 'dsv' for command environment
[0.584s] DEBUG:colcon.colcon_core.event_handler.log_command:Invoking command in '/home/sdn/ntp/Robotics-Odometry_Control/01_ros2/bumperbot_ws/build/bumperbot_cpp_examples': CMAKE_PREFIX_PATH=/opt/ros/galactic /usr/bin/cmake --build /home/sdn/ntp/Robotics-Odometry_Control/01_ros2/bumperbot_ws/build/bumperbot_cpp_examples -- -j8 -l8
[0.849s] INFO:colcon.colcon_core.task.python.build:Building Python package in '/home/sdn/ntp/Robotics-Odometry_Control/01_ros2/bumperbot_ws/src/bumperbot_py_examples'
[0.850s] INFO:colcon.colcon_core.shell:Skip shell extension 'powershell' for command environment: Not usable outside of PowerShell
[0.850s] DEBUG:colcon.colcon_core.shell:Skip shell extension 'dsv' for command environment
[1.304s] DEBUG:colcon.colcon_core.event_handler.log_command:Invoking command in '/home/sdn/ntp/Robotics-Odometry_Control/01_ros2/bumperbot_ws/src/bumperbot_py_examples': PYTHONPATH=/home/sdn/ntp/Robotics-Odometry_Control/01_ros2/bumperbot_ws/build/bumperbot_py_examples/prefix_override:/usr/lib/python3/dist-packages/colcon_core/task/python/colcon_distutils_commands:/home/sdn/ntp/Robotics-Odometry_Control/01_ros2/bumperbot_ws/install/bumperbot_py_examples/lib/python3.8/site-packages:${PYTHONPATH} /usr/bin/python3 -W ignore:setup.py install is deprecated -W ignore:easy_install command is deprecated setup.py egg_info --egg-base ../../build/bumperbot_py_examples build --build-base /home/sdn/ntp/Robotics-Odometry_Control/01_ros2/bumperbot_ws/build/bumperbot_py_examples/build install --record /home/sdn/ntp/Robotics-Odometry_Control/01_ros2/bumperbot_ws/build/bumperbot_py_examples/install.log --single-version-externally-managed install_data
[1.640s] DEBUG:colcon.colcon_core.event_handler.log_command:Invoked command in '/home/sdn/ntp/Robotics-Odometry_Control/01_ros2/bumperbot_ws/src/bumperbot_py_examples' returned '0': PYTHONPATH=/home/sdn/ntp/Robotics-Odometry_Control/01_ros2/bumperbot_ws/build/bumperbot_py_examples/prefix_override:/usr/lib/python3/dist-packages/colcon_core/task/python/colcon_distutils_commands:/home/sdn/ntp/Robotics-Odometry_Control/01_ros2/bumperbot_ws/install/bumperbot_py_examples/lib/python3.8/site-packages:${PYTHONPATH} /usr/bin/python3 -W ignore:setup.py install is deprecated -W ignore:easy_install command is deprecated setup.py egg_info --egg-base ../../build/bumperbot_py_examples build --build-base /home/sdn/ntp/Robotics-Odometry_Control/01_ros2/bumperbot_ws/build/bumperbot_py_examples/build install --record /home/sdn/ntp/Robotics-Odometry_Control/01_ros2/bumperbot_ws/build/bumperbot_py_examples/install.log --single-version-externally-managed install_data
[1.643s] Level 1:colcon.colcon_core.environment:checking '/home/sdn/ntp/Robotics-Odometry_Control/01_ros2/bumperbot_ws/install/bumperbot_py_examples' for CMake module files
[1.644s] Level 1:colcon.colcon_core.environment:checking '/home/sdn/ntp/Robotics-Odometry_Control/01_ros2/bumperbot_ws/install/bumperbot_py_examples' for CMake config files
[1.644s] Level 1:colcon.colcon_core.environment:checking '/home/sdn/ntp/Robotics-Odometry_Control/01_ros2/bumperbot_ws/install/bumperbot_py_examples/lib'
[1.644s] Level 1:colcon.colcon_core.environment:checking '/home/sdn/ntp/Robotics-Odometry_Control/01_ros2/bumperbot_ws/install/bumperbot_py_examples/bin'
[1.645s] Level 1:colcon.colcon_core.environment:checking '/home/sdn/ntp/Robotics-Odometry_Control/01_ros2/bumperbot_ws/install/bumperbot_py_examples/lib/pkgconfig/bumperbot_py_examples.pc'
[1.645s] Level 1:colcon.colcon_core.environment:checking '/home/sdn/ntp/Robotics-Odometry_Control/01_ros2/bumperbot_ws/install/bumperbot_py_examples/lib/python3.8/site-packages'
[1.645s] Level 1:colcon.colcon_core.shell:create_environment_hook('bumperbot_py_examples', 'pythonpath')
[1.645s] INFO:colcon.colcon_core.shell:Creating environment hook '/home/sdn/ntp/Robotics-Odometry_Control/01_ros2/bumperbot_ws/install/bumperbot_py_examples/share/bumperbot_py_examples/hook/pythonpath.ps1'
[1.646s] INFO:colcon.colcon_core.shell:Creating environment descriptor '/home/sdn/ntp/Robotics-Odometry_Control/01_ros2/bumperbot_ws/install/bumperbot_py_examples/share/bumperbot_py_examples/hook/pythonpath.dsv'
[1.646s] INFO:colcon.colcon_core.shell:Creating environment hook '/home/sdn/ntp/Robotics-Odometry_Control/01_ros2/bumperbot_ws/install/bumperbot_py_examples/share/bumperbot_py_examples/hook/pythonpath.sh'
[1.647s] Level 1:colcon.colcon_core.environment:checking '/home/sdn/ntp/Robotics-Odometry_Control/01_ros2/bumperbot_ws/install/bumperbot_py_examples/bin'
[1.647s] Level 1:colcon.colcon_core.environment:create_environment_scripts_only(bumperbot_py_examples)
[1.647s] INFO:colcon.colcon_core.shell:Creating package script '/home/sdn/ntp/Robotics-Odometry_Control/01_ros2/bumperbot_ws/install/bumperbot_py_examples/share/bumperbot_py_examples/package.ps1'
[1.648s] INFO:colcon.colcon_core.shell:Creating package descriptor '/home/sdn/ntp/Robotics-Odometry_Control/01_ros2/bumperbot_ws/install/bumperbot_py_examples/share/bumperbot_py_examples/package.dsv'
[1.648s] INFO:colcon.colcon_core.shell:Creating package script '/home/sdn/ntp/Robotics-Odometry_Control/01_ros2/bumperbot_ws/install/bumperbot_py_examples/share/bumperbot_py_examples/package.sh'
[1.649s] INFO:colcon.colcon_core.shell:Creating package script '/home/sdn/ntp/Robotics-Odometry_Control/01_ros2/bumperbot_ws/install/bumperbot_py_examples/share/bumperbot_py_examples/package.bash'
[1.650s] INFO:colcon.colcon_core.shell:Creating package script '/home/sdn/ntp/Robotics-Odometry_Control/01_ros2/bumperbot_ws/install/bumperbot_py_examples/share/bumperbot_py_examples/package.zsh'
[1.650s] Level 1:colcon.colcon_core.environment:create_file_with_runtime_dependencies(/home/sdn/ntp/Robotics-Odometry_Control/01_ros2/bumperbot_ws/install/bumperbot_py_examples/share/colcon-core/packages/bumperbot_py_examples)
[3.079s] DEBUG:colcon.colcon_core.event_handler.log_command:Invoked command in '/home/sdn/ntp/Robotics-Odometry_Control/01_ros2/bumperbot_ws/build/bumperbot_cpp_examples' returned '2': CMAKE_PREFIX_PATH=/opt/ros/galactic /usr/bin/cmake --build /home/sdn/ntp/Robotics-Odometry_Control/01_ros2/bumperbot_ws/build/bumperbot_cpp_examples -- -j8 -l8
[3.079s] Level 1:colcon.colcon_core.environment:create_environment_scripts_only(bumperbot_cpp_examples)
[3.079s] Level 1:colcon.colcon_core.environment:checking '/home/sdn/ntp/Robotics-Odometry_Control/01_ros2/bumperbot_ws/install/bumperbot_cpp_examples' for CMake module files
[3.080s] Level 1:colcon.colcon_core.environment:checking '/home/sdn/ntp/Robotics-Odometry_Control/01_ros2/bumperbot_ws/install/bumperbot_cpp_examples' for CMake config files
[3.080s] Level 1:colcon.colcon_core.shell:create_environment_hook('bumperbot_cpp_examples', 'cmake_prefix_path')
[3.080s] INFO:colcon.colcon_core.shell:Creating environment hook '/home/sdn/ntp/Robotics-Odometry_Control/01_ros2/bumperbot_ws/install/bumperbot_cpp_examples/share/bumperbot_cpp_examples/hook/cmake_prefix_path.ps1'
[3.081s] INFO:colcon.colcon_core.shell:Creating environment descriptor '/home/sdn/ntp/Robotics-Odometry_Control/01_ros2/bumperbot_ws/install/bumperbot_cpp_examples/share/bumperbot_cpp_examples/hook/cmake_prefix_path.dsv'
[3.081s] INFO:colcon.colcon_core.shell:Creating environment hook '/home/sdn/ntp/Robotics-Odometry_Control/01_ros2/bumperbot_ws/install/bumperbot_cpp_examples/share/bumperbot_cpp_examples/hook/cmake_prefix_path.sh'
[3.082s] Level 1:colcon.colcon_core.environment:checking '/home/sdn/ntp/Robotics-Odometry_Control/01_ros2/bumperbot_ws/install/bumperbot_cpp_examples/lib'
[3.082s] Level 1:colcon.colcon_core.environment:checking '/home/sdn/ntp/Robotics-Odometry_Control/01_ros2/bumperbot_ws/install/bumperbot_cpp_examples/bin'
[3.082s] Level 1:colcon.colcon_core.environment:checking '/home/sdn/ntp/Robotics-Odometry_Control/01_ros2/bumperbot_ws/install/bumperbot_cpp_examples/lib/pkgconfig/bumperbot_cpp_examples.pc'
[3.082s] Level 1:colcon.colcon_core.environment:checking '/home/sdn/ntp/Robotics-Odometry_Control/01_ros2/bumperbot_ws/install/bumperbot_cpp_examples/lib/python3.8/site-packages'
[3.082s] Level 1:colcon.colcon_core.environment:checking '/home/sdn/ntp/Robotics-Odometry_Control/01_ros2/bumperbot_ws/install/bumperbot_cpp_examples/bin'
[3.082s] INFO:colcon.colcon_core.shell:Creating package script '/home/sdn/ntp/Robotics-Odometry_Control/01_ros2/bumperbot_ws/install/bumperbot_cpp_examples/share/bumperbot_cpp_examples/package.ps1'
[3.083s] INFO:colcon.colcon_core.shell:Creating package descriptor '/home/sdn/ntp/Robotics-Odometry_Control/01_ros2/bumperbot_ws/install/bumperbot_cpp_examples/share/bumperbot_cpp_examples/package.dsv'
[3.083s] INFO:colcon.colcon_core.shell:Creating package script '/home/sdn/ntp/Robotics-Odometry_Control/01_ros2/bumperbot_ws/install/bumperbot_cpp_examples/share/bumperbot_cpp_examples/package.sh'
[3.084s] INFO:colcon.colcon_core.shell:Creating package script '/home/sdn/ntp/Robotics-Odometry_Control/01_ros2/bumperbot_ws/install/bumperbot_cpp_examples/share/bumperbot_cpp_examples/package.bash'
[3.084s] INFO:colcon.colcon_core.shell:Creating package script '/home/sdn/ntp/Robotics-Odometry_Control/01_ros2/bumperbot_ws/install/bumperbot_cpp_examples/share/bumperbot_cpp_examples/package.zsh'
[3.085s] Level 1:colcon.colcon_core.environment:create_file_with_runtime_dependencies(/home/sdn/ntp/Robotics-Odometry_Control/01_ros2/bumperbot_ws/install/bumperbot_cpp_examples/share/colcon-core/packages/bumperbot_cpp_examples)
[3.095s] DEBUG:colcon.colcon_parallel_executor.executor.parallel:closing loop
[3.095s] DEBUG:colcon.colcon_parallel_executor.executor.parallel:loop closed
[3.096s] DEBUG:colcon.colcon_parallel_executor.executor.parallel:run_until_complete finished with '2'
[3.096s] DEBUG:colcon.colcon_core.event_reactor:joining thread
[3.107s] INFO:colcon.colcon_core.plugin_system:Skipping extension 'colcon_notification.desktop_notification.terminal_notifier': Not used on non-Darwin systems
[3.108s] INFO:colcon.colcon_core.plugin_system:Skipping extension 'colcon_notification.desktop_notification.win32': Not used on non-Windows systems
[3.108s] INFO:colcon.colcon_notification.desktop_notification:Sending desktop notification using 'notify2'
[3.126s] DEBUG:colcon.colcon_core.event_reactor:joined thread
[3.127s] INFO:colcon.colcon_core.shell:Creating prefix script '/home/sdn/ntp/Robotics-Odometry_Control/01_ros2/bumperbot_ws/install/local_setup.ps1'
[3.128s] INFO:colcon.colcon_core.shell:Creating prefix util module '/home/sdn/ntp/Robotics-Odometry_Control/01_ros2/bumperbot_ws/install/_local_setup_util_ps1.py'
[3.129s] INFO:colcon.colcon_core.shell:Creating prefix chain script '/home/sdn/ntp/Robotics-Odometry_Control/01_ros2/bumperbot_ws/install/setup.ps1'
[3.130s] INFO:colcon.colcon_core.shell:Creating prefix script '/home/sdn/ntp/Robotics-Odometry_Control/01_ros2/bumperbot_ws/install/local_setup.sh'
[3.131s] INFO:colcon.colcon_core.shell:Creating prefix util module '/home/sdn/ntp/Robotics-Odometry_Control/01_ros2/bumperbot_ws/install/_local_setup_util_sh.py'
[3.132s] INFO:colcon.colcon_core.shell:Creating prefix chain script '/home/sdn/ntp/Robotics-Odometry_Control/01_ros2/bumperbot_ws/install/setup.sh'
[3.133s] INFO:colcon.colcon_core.shell:Creating prefix script '/home/sdn/ntp/Robotics-Odometry_Control/01_ros2/bumperbot_ws/install/local_setup.bash'
[3.133s] INFO:colcon.colcon_core.shell:Creating prefix chain script '/home/sdn/ntp/Robotics-Odometry_Control/01_ros2/bumperbot_ws/install/setup.bash'
[3.135s] INFO:colcon.colcon_core.shell:Creating prefix script '/home/sdn/ntp/Robotics-Odometry_Control/01_ros2/bumperbot_ws/install/local_setup.zsh'
[3.135s] INFO:colcon.colcon_core.shell:Creating prefix chain script '/home/sdn/ntp/Robotics-Odometry_Control/01_ros2/bumperbot_ws/install/setup.zsh'
